2021-09-22 10:31:04.807 [INFO ] com.hyc.report.DevopsReportApplication - Starting DevopsReportApplication using Java 1.8.0_40 on DESKTOP-5A95BS0 with PID 10964 (C:\1a\working\devops-report-master\report-web\target\classes started by Administrator in C:\1a\working\devops-report-master)
2021-09-22 10:31:04.809 [INFO ] com.hyc.report.DevopsReportApplication - The following profiles are active: dev
2021-09-22 10:31:06.243 [INFO ] org.springframework.boot.web.embedded.tomcat.TomcatWebServer - Tomcat initialized with port(s): 8080 (http)
2021-09-22 10:31:06.251 [INFO ] org.apache.coyote.http11.Http11NioProtocol - Initializing ProtocolHandler ["http-nio-8080"]
2021-09-22 10:31:06.256 [INFO ] org.apache.catalina.core.StandardService - Starting service [Tomcat]
2021-09-22 10:31:06.257 [INFO ] org.apache.catalina.core.StandardEngine - Starting Servlet engine: [Apache Tomcat/9.0.50]
2021-09-22 10:31:06.448 [INFO ] org.apache.catalina.core.ContainerBase.[Tomcat].[localhost].[/report/system] - Initializing Spring embedded WebApplicationContext
2021-09-22 10:31:06.448 [INFO ] org.springframework.boot.web.servlet.context.ServletWebServerApplicationContext - Root WebApplicationContext: initialization completed in 1595 ms
2021-09-22 10:31:06.505 [INFO ] org.springframework.boot.web.servlet.RegistrationBean - Servlet statViewServlet was not registered (possibly already registered?)
2021-09-22 10:31:06.509 [INFO ] org.springframework.boot.web.servlet.RegistrationBean - Filter webStatFilter was not registered (possibly already registered?)
2021-09-22 10:31:07.533 [INFO ] springfox.documentation.spring.web.PropertySourcedRequestMappingHandlerMapping - Mapped URL path [/v2/api-docs] onto method [springfox.documentation.swagger2.web.Swagger2Controller#getDocumentation(String, HttpServletRequest)]
2021-09-22 10:31:07.877 [INFO ] org.apache.coyote.http11.Http11NioProtocol - Starting ProtocolHandler ["http-nio-8080"]
2021-09-22 10:31:07.888 [INFO ] org.apache.coyote.http11.Http11NioProtocol - Pausing ProtocolHandler ["http-nio-8080"]
2021-09-22 10:31:07.888 [INFO ] org.apache.catalina.core.StandardService - Stopping service [Tomcat]
2021-09-22 10:31:07.917 [INFO ] org.apache.coyote.http11.Http11NioProtocol - Stopping ProtocolHandler ["http-nio-8080"]
2021-09-22 10:31:07.918 [INFO ] org.apache.coyote.http11.Http11NioProtocol - Destroying ProtocolHandler ["http-nio-8080"]
2021-09-22 10:31:07.924 [INFO ] org.springframework.boot.autoconfigure.logging.ConditionEvaluationReportLoggingListener - 

Error starting ApplicationContext. To display the conditions report re-run your application with 'debug' enabled.
2021-09-22 10:32:15.144 [INFO ] com.hyc.report.DevopsReportApplication - Starting DevopsReportApplication using Java 1.8.0_40 on DESKTOP-5A95BS0 with PID 232 (C:\1a\working\devops-report-master\report-web\target\classes started by Administrator in C:\1a\working\devops-report-master)
2021-09-22 10:32:15.146 [INFO ] com.hyc.report.DevopsReportApplication - The following profiles are active: dev
2021-09-22 10:32:16.629 [INFO ] org.springframework.boot.web.embedded.tomcat.TomcatWebServer - Tomcat initialized with port(s): 8081 (http)
2021-09-22 10:32:16.637 [INFO ] org.apache.coyote.http11.Http11NioProtocol - Initializing ProtocolHandler ["http-nio-8081"]
2021-09-22 10:32:16.638 [INFO ] org.apache.catalina.core.StandardService - Starting service [Tomcat]
2021-09-22 10:32:16.638 [INFO ] org.apache.catalina.core.StandardEngine - Starting Servlet engine: [Apache Tomcat/9.0.50]
2021-09-22 10:32:16.788 [INFO ] org.apache.catalina.core.ContainerBase.[Tomcat].[localhost].[/report/system] - Initializing Spring embedded WebApplicationContext
2021-09-22 10:32:16.788 [INFO ] org.springframework.boot.web.servlet.context.ServletWebServerApplicationContext - Root WebApplicationContext: initialization completed in 1589 ms
2021-09-22 10:32:16.827 [INFO ] org.springframework.boot.web.servlet.RegistrationBean - Servlet statViewServlet was not registered (possibly already registered?)
2021-09-22 10:32:16.830 [INFO ] org.springframework.boot.web.servlet.RegistrationBean - Filter webStatFilter was not registered (possibly already registered?)
2021-09-22 10:32:18.043 [INFO ] springfox.documentation.spring.web.PropertySourcedRequestMappingHandlerMapping - Mapped URL path [/v2/api-docs] onto method [springfox.documentation.swagger2.web.Swagger2Controller#getDocumentation(String, HttpServletRequest)]
2021-09-22 10:32:18.410 [INFO ] org.apache.coyote.http11.Http11NioProtocol - Starting ProtocolHandler ["http-nio-8081"]
2021-09-22 10:32:18.428 [INFO ] org.springframework.boot.web.embedded.tomcat.TomcatWebServer - Tomcat started on port(s): 8081 (http) with context path '/report/system'
2021-09-22 10:32:18.429 [INFO ] springfox.documentation.spring.web.plugins.DocumentationPluginsBootstrapper - Context refreshed
2021-09-22 10:32:18.449 [INFO ] springfox.documentation.spring.web.plugins.DocumentationPluginsBootstrapper - Found 1 custom documentation plugin(s)
2021-09-22 10:32:18.476 [INFO ] springfox.documentation.spring.web.scanners.ApiListingReferenceScanner - Scanning for api listing references
2021-09-22 10:32:18.627 [INFO ] com.hyc.report.DevopsReportApplication - Started DevopsReportApplication in 4.317 seconds (JVM running for 5.496)
2021-09-22 10:32:18.631 [INFO ] com.hyc.report.DevopsReportApplication - *****报表系统启动成功*****
2021-09-22 10:32:57.405 [INFO ] org.apache.catalina.core.ContainerBase.[Tomcat].[localhost].[/report/system] - Initializing Spring DispatcherServlet 'dispatcherServlet'
2021-09-22 10:32:58.420 [INFO ] com.hyc.report.controller.ReportDatabaseController - *****正在执行查询数据库配置接口
2021-09-22 10:32:58.492 [INFO ] com.hyc.report.dynamiconfig.config.DynamicDataSource - ---当前数据源：默认数据源---
2021-09-22 10:33:09.804 [INFO ] com.hyc.report.controller.ReportDatabaseController - *****正在执行查询数据库配置接口
2021-09-22 10:33:09.808 [INFO ] com.hyc.report.dynamiconfig.config.DynamicDataSource - ---当前数据源：默认数据源---
2021-09-22 10:33:19.620 [INFO ] com.alibaba.druid.pool.DruidDataSource - {dataSource-1} inited
2021-09-22 10:33:41.279 [INFO ] com.hyc.report.controller.ReportDatabaseController - *****正在执行查询数据库配置接口
2021-09-22 10:33:41.280 [INFO ] com.hyc.report.dynamiconfig.config.DynamicDataSource - ---当前数据源：默认数据源---
2021-09-22 10:34:42.728 [INFO ] com.alibaba.druid.pool.DruidDataSource - {dataSource-1} closed
2021-09-22 10:34:49.373 [INFO ] com.hyc.report.DevopsReportApplication - Starting DevopsReportApplication using Java 1.8.0_40 on DESKTOP-5A95BS0 with PID 11400 (C:\1a\working\devops-report-master\report-web\target\classes started by Administrator in C:\1a\working\devops-report-master)
2021-09-22 10:34:49.374 [INFO ] com.hyc.report.DevopsReportApplication - The following profiles are active: prod
2021-09-22 10:34:51.813 [INFO ] org.springframework.boot.web.embedded.tomcat.TomcatWebServer - Tomcat initialized with port(s): 8081 (http)
2021-09-22 10:34:51.833 [INFO ] org.apache.coyote.http11.Http11NioProtocol - Initializing ProtocolHandler ["http-nio-8081"]
2021-09-22 10:34:51.836 [INFO ] org.apache.catalina.core.StandardService - Starting service [Tomcat]
2021-09-22 10:34:51.837 [INFO ] org.apache.catalina.core.StandardEngine - Starting Servlet engine: [Apache Tomcat/9.0.50]
2021-09-22 10:34:52.415 [INFO ] org.apache.catalina.core.ContainerBase.[Tomcat].[localhost].[/report/system] - Initializing Spring embedded WebApplicationContext
2021-09-22 10:34:52.416 [INFO ] org.springframework.boot.web.servlet.context.ServletWebServerApplicationContext - Root WebApplicationContext: initialization completed in 2999 ms
2021-09-22 10:34:52.607 [INFO ] org.springframework.boot.web.servlet.RegistrationBean - Servlet statViewServlet was not registered (possibly already registered?)
2021-09-22 10:34:52.617 [INFO ] org.springframework.boot.web.servlet.RegistrationBean - Filter webStatFilter was not registered (possibly already registered?)
2021-09-22 10:34:54.662 [INFO ] springfox.documentation.spring.web.PropertySourcedRequestMappingHandlerMapping - Mapped URL path [/v2/api-docs] onto method [springfox.documentation.swagger2.web.Swagger2Controller#getDocumentation(String, HttpServletRequest)]
2021-09-22 10:34:55.171 [INFO ] org.apache.coyote.http11.Http11NioProtocol - Starting ProtocolHandler ["http-nio-8081"]
2021-09-22 10:34:55.190 [INFO ] org.springframework.boot.web.embedded.tomcat.TomcatWebServer - Tomcat started on port(s): 8081 (http) with context path '/report/system'
2021-09-22 10:34:55.190 [INFO ] springfox.documentation.spring.web.plugins.DocumentationPluginsBootstrapper - Context refreshed
2021-09-22 10:34:55.204 [INFO ] springfox.documentation.spring.web.plugins.DocumentationPluginsBootstrapper - Found 1 custom documentation plugin(s)
2021-09-22 10:34:55.229 [INFO ] springfox.documentation.spring.web.scanners.ApiListingReferenceScanner - Scanning for api listing references
2021-09-22 10:34:55.360 [INFO ] com.hyc.report.DevopsReportApplication - Started DevopsReportApplication in 6.682 seconds (JVM running for 7.669)
2021-09-22 10:34:55.363 [INFO ] com.hyc.report.DevopsReportApplication - *****报表系统启动成功*****
2021-09-22 10:34:55.440 [INFO ] org.apache.catalina.core.ContainerBase.[Tomcat].[localhost].[/report/system] - Initializing Spring DispatcherServlet 'dispatcherServlet'
2021-09-22 10:34:55.482 [INFO ] com.hyc.report.controller.ReportDatabaseController - *****正在执行查询数据库配置接口
2021-09-22 10:34:55.543 [INFO ] com.hyc.report.dynamiconfig.config.DynamicDataSource - ---当前数据源：默认数据源---
2021-09-22 10:34:56.359 [INFO ] com.alibaba.druid.pool.DruidDataSource - {dataSource-1} inited
2021-09-22 10:34:56.742 [INFO ] com.hyc.report.controller.ReportDatabaseController - *****执行结束，结果已输出,数据库配置数据为第1页
2021-09-22 10:34:56.744 [INFO ] com.hyc.report.controller.ReportDatabaseController - *****当前页数据为：Page{count=true, pageNum=1, pageSize=10, startRow=0, endRow=10, total=43, pages=5, reasonable=true, pageSizeZero=false}[ReportDatabase(databaseId=32, databaseName=短厅, databaseUrl=sdfsdf, databaseUsername=sdf, databasePassword=123, databaseType=mysql), ReportDatabase(databaseId=33, databaseName=短厅, databaseUrl=sdfsdf, databaseUsername=sdf, databasePassword=123, databaseType=mysql), ReportDatabase(databaseId=31, databaseName=短厅, databaseUrl=sdfsdf, databaseUsername=sdf, databasePassword=123, databaseType=mysql), ReportDatabase(databaseId=34, databaseName=短厅, databaseUrl=sdfsdf, databaseUsername=sdf, databasePassword=123, databaseType=mysql), ReportDatabase(databaseId=35, databaseName=短厅, databaseUrl=sdfsdf, databaseUsername=sdf, databasePassword=123, databaseType=mysql), ReportDatabase(databaseId=36, databaseName=短厅, databaseUrl=sdfsdf, databaseUsername=sdf, databasePassword=123, databaseType=mysql), ReportDatabase(databaseId=37, databaseName=短厅, databaseUrl=sdfsdf, databaseUsername=sdf, databasePassword=123, databaseType=mysql), ReportDatabase(databaseId=38, databaseName=短厅, databaseUrl=sdfsdf, databaseUsername=sdf, databasePassword=123, databaseType=mysql), ReportDatabase(databaseId=39, databaseName=短厅, databaseUrl=sdfsdf, databaseUsername=sdf, databasePassword=123, databaseType=mysql), ReportDatabase(databaseId=40, databaseName=短厅, databaseUrl=sdfsdf, databaseUsername=sdf, databasePassword=123, databaseType=mysql)]
2021-09-22 10:35:12.230 [INFO ] com.hyc.report.controller.ReportDatabaseController - *****正在执行查询数据库配置接口
2021-09-22 10:35:12.250 [INFO ] com.hyc.report.dynamiconfig.config.DynamicDataSource - ---当前数据源：默认数据源---
2021-09-22 10:35:12.290 [INFO ] com.hyc.report.controller.ReportDatabaseController - *****执行结束，结果已输出,数据库配置数据为第1页
2021-09-22 10:35:12.290 [INFO ] com.hyc.report.controller.ReportDatabaseController - *****当前页数据为：Page{count=true, pageNum=1, pageSize=10, startRow=0, endRow=10, total=43, pages=5, reasonable=true, pageSizeZero=false}[ReportDatabase(databaseId=32, databaseName=短厅, databaseUrl=sdfsdf, databaseUsername=sdf, databasePassword=123, databaseType=mysql), ReportDatabase(databaseId=33, databaseName=短厅, databaseUrl=sdfsdf, databaseUsername=sdf, databasePassword=123, databaseType=mysql), ReportDatabase(databaseId=31, databaseName=短厅, databaseUrl=sdfsdf, databaseUsername=sdf, databasePassword=123, databaseType=mysql), ReportDatabase(databaseId=34, databaseName=短厅, databaseUrl=sdfsdf, databaseUsername=sdf, databasePassword=123, databaseType=mysql), ReportDatabase(databaseId=35, databaseName=短厅, databaseUrl=sdfsdf, databaseUsername=sdf, databasePassword=123, databaseType=mysql), ReportDatabase(databaseId=36, databaseName=短厅, databaseUrl=sdfsdf, databaseUsername=sdf, databasePassword=123, databaseType=mysql), ReportDatabase(databaseId=37, databaseName=短厅, databaseUrl=sdfsdf, databaseUsername=sdf, databasePassword=123, databaseType=mysql), ReportDatabase(databaseId=38, databaseName=短厅, databaseUrl=sdfsdf, databaseUsername=sdf, databasePassword=123, databaseType=mysql), ReportDatabase(databaseId=39, databaseName=短厅, databaseUrl=sdfsdf, databaseUsername=sdf, databasePassword=123, databaseType=mysql), ReportDatabase(databaseId=40, databaseName=短厅, databaseUrl=sdfsdf, databaseUsername=sdf, databasePassword=123, databaseType=mysql)]
2021-09-22 10:35:17.826 [INFO ] com.hyc.report.controller.ReportDatabaseController - *****正在执行查询数据库配置接口
2021-09-22 10:35:17.828 [INFO ] com.hyc.report.dynamiconfig.config.DynamicDataSource - ---当前数据源：默认数据源---
2021-09-22 10:35:17.866 [INFO ] com.hyc.report.controller.ReportDatabaseController - *****执行结束，结果已输出,数据库配置数据为第1页
2021-09-22 10:35:17.867 [INFO ] com.hyc.report.controller.ReportDatabaseController - *****当前页数据为：Page{count=true, pageNum=1, pageSize=10, startRow=0, endRow=10, total=43, pages=5, reasonable=true, pageSizeZero=false}[ReportDatabase(databaseId=32, databaseName=短厅, databaseUrl=sdfsdf, databaseUsername=sdf, databasePassword=123, databaseType=mysql), ReportDatabase(databaseId=33, databaseName=短厅, databaseUrl=sdfsdf, databaseUsername=sdf, databasePassword=123, databaseType=mysql), ReportDatabase(databaseId=31, databaseName=短厅, databaseUrl=sdfsdf, databaseUsername=sdf, databasePassword=123, databaseType=mysql), ReportDatabase(databaseId=34, databaseName=短厅, databaseUrl=sdfsdf, databaseUsername=sdf, databasePassword=123, databaseType=mysql), ReportDatabase(databaseId=35, databaseName=短厅, databaseUrl=sdfsdf, databaseUsername=sdf, databasePassword=123, databaseType=mysql), ReportDatabase(databaseId=36, databaseName=短厅, databaseUrl=sdfsdf, databaseUsername=sdf, databasePassword=123, databaseType=mysql), ReportDatabase(databaseId=37, databaseName=短厅, databaseUrl=sdfsdf, databaseUsername=sdf, databasePassword=123, databaseType=mysql), ReportDatabase(databaseId=38, databaseName=短厅, databaseUrl=sdfsdf, databaseUsername=sdf, databasePassword=123, databaseType=mysql), ReportDatabase(databaseId=39, databaseName=短厅, databaseUrl=sdfsdf, databaseUsername=sdf, databasePassword=123, databaseType=mysql), ReportDatabase(databaseId=40, databaseName=短厅, databaseUrl=sdfsdf, databaseUsername=sdf, databasePassword=123, databaseType=mysql)]
2021-09-22 10:37:34.717 [INFO ] com.alibaba.druid.pool.DruidDataSource - {dataSource-1} closed
2021-09-22 10:37:41.468 [INFO ] com.hyc.report.DevopsReportApplication - Starting DevopsReportApplication using Java 1.8.0_40 on DESKTOP-5A95BS0 with PID 7428 (C:\1a\working\devops-report-master\report-web\target\classes started by Administrator in C:\1a\working\devops-report-master)
2021-09-22 10:37:41.470 [INFO ] com.hyc.report.DevopsReportApplication - The following profiles are active: prod
2021-09-22 10:37:43.127 [INFO ] org.springframework.boot.web.embedded.tomcat.TomcatWebServer - Tomcat initialized with port(s): 8081 (http)
2021-09-22 10:37:43.135 [INFO ] org.apache.coyote.http11.Http11NioProtocol - Initializing ProtocolHandler ["http-nio-8081"]
2021-09-22 10:37:43.136 [INFO ] org.apache.catalina.core.StandardService - Starting service [Tomcat]
2021-09-22 10:37:43.137 [INFO ] org.apache.catalina.core.StandardEngine - Starting Servlet engine: [Apache Tomcat/9.0.50]
2021-09-22 10:37:43.288 [INFO ] org.apache.catalina.core.ContainerBase.[Tomcat].[localhost].[/report/system] - Initializing Spring embedded WebApplicationContext
2021-09-22 10:37:43.288 [INFO ] org.springframework.boot.web.servlet.context.ServletWebServerApplicationContext - Root WebApplicationContext: initialization completed in 1768 ms
2021-09-22 10:37:43.326 [INFO ] org.springframework.boot.web.servlet.RegistrationBean - Servlet statViewServlet was not registered (possibly already registered?)
2021-09-22 10:37:43.329 [INFO ] org.springframework.boot.web.servlet.RegistrationBean - Filter webStatFilter was not registered (possibly already registered?)
2021-09-22 10:37:44.565 [INFO ] springfox.documentation.spring.web.PropertySourcedRequestMappingHandlerMapping - Mapped URL path [/v2/api-docs] onto method [springfox.documentation.swagger2.web.Swagger2Controller#getDocumentation(String, HttpServletRequest)]
2021-09-22 10:37:44.908 [INFO ] org.apache.coyote.http11.Http11NioProtocol - Starting ProtocolHandler ["http-nio-8081"]
2021-09-22 10:37:44.923 [INFO ] org.springframework.boot.web.embedded.tomcat.TomcatWebServer - Tomcat started on port(s): 8081 (http) with context path '/report/system'
2021-09-22 10:37:44.924 [INFO ] springfox.documentation.spring.web.plugins.DocumentationPluginsBootstrapper - Context refreshed
2021-09-22 10:37:44.938 [INFO ] springfox.documentation.spring.web.plugins.DocumentationPluginsBootstrapper - Found 1 custom documentation plugin(s)
2021-09-22 10:37:44.963 [INFO ] springfox.documentation.spring.web.scanners.ApiListingReferenceScanner - Scanning for api listing references
2021-09-22 10:37:45.097 [INFO ] com.hyc.report.DevopsReportApplication - Started DevopsReportApplication in 4.147 seconds (JVM running for 5.37)
2021-09-22 10:37:45.100 [INFO ] com.hyc.report.DevopsReportApplication - *****报表系统启动成功*****
2021-09-22 10:37:51.369 [INFO ] org.apache.catalina.core.ContainerBase.[Tomcat].[localhost].[/report/system] - Initializing Spring DispatcherServlet 'dispatcherServlet'
2021-09-22 10:37:51.846 [INFO ] com.hyc.report.controller.ReportDatabaseController - *****正在执行查询数据库配置接口
2021-09-22 10:37:51.919 [INFO ] com.hyc.report.dynamiconfig.config.DynamicDataSource - ---当前数据源：默认数据源---
2021-09-22 10:37:52.766 [INFO ] com.alibaba.druid.pool.DruidDataSource - {dataSource-1} inited
2021-09-22 10:37:52.945 [INFO ] com.hyc.report.controller.ReportDatabaseController - *****执行结束，结果已输出,数据库配置数据为第1页
2021-09-22 10:37:52.945 [INFO ] com.hyc.report.controller.ReportDatabaseController - *****当前页数据为：Page{count=true, pageNum=1, pageSize=10, startRow=0, endRow=10, total=43, pages=5, reasonable=true, pageSizeZero=false}[ReportDatabase(databaseId=32, databaseName=短厅, databaseUrl=sdfsdf, databaseUsername=sdf, databasePassword=123, databaseType=mysql), ReportDatabase(databaseId=33, databaseName=短厅, databaseUrl=sdfsdf, databaseUsername=sdf, databasePassword=123, databaseType=mysql), ReportDatabase(databaseId=31, databaseName=短厅, databaseUrl=sdfsdf, databaseUsername=sdf, databasePassword=123, databaseType=mysql), ReportDatabase(databaseId=34, databaseName=短厅, databaseUrl=sdfsdf, databaseUsername=sdf, databasePassword=123, databaseType=mysql), ReportDatabase(databaseId=35, databaseName=短厅, databaseUrl=sdfsdf, databaseUsername=sdf, databasePassword=123, databaseType=mysql), ReportDatabase(databaseId=36, databaseName=短厅, databaseUrl=sdfsdf, databaseUsername=sdf, databasePassword=123, databaseType=mysql), ReportDatabase(databaseId=37, databaseName=短厅, databaseUrl=sdfsdf, databaseUsername=sdf, databasePassword=123, databaseType=mysql), ReportDatabase(databaseId=38, databaseName=短厅, databaseUrl=sdfsdf, databaseUsername=sdf, databasePassword=123, databaseType=mysql), ReportDatabase(databaseId=39, databaseName=短厅, databaseUrl=sdfsdf, databaseUsername=sdf, databasePassword=123, databaseType=mysql), ReportDatabase(databaseId=40, databaseName=短厅, databaseUrl=sdfsdf, databaseUsername=sdf, databasePassword=123, databaseType=mysql)]
2021-09-22 10:38:00.279 [INFO ] com.hyc.report.controller.ReportDatabaseController - *****正在执行查询数据库配置接口
2021-09-22 10:38:00.281 [INFO ] com.hyc.report.dynamiconfig.config.DynamicDataSource - ---当前数据源：默认数据源---
2021-09-22 10:38:00.320 [INFO ] com.hyc.report.controller.ReportDatabaseController - *****执行结束，结果已输出,数据库配置数据为第1页
2021-09-22 10:38:00.320 [INFO ] com.hyc.report.controller.ReportDatabaseController - *****当前页数据为：Page{count=true, pageNum=1, pageSize=10, startRow=0, endRow=10, total=43, pages=5, reasonable=true, pageSizeZero=false}[ReportDatabase(databaseId=32, databaseName=短厅, databaseUrl=sdfsdf, databaseUsername=sdf, databasePassword=123, databaseType=mysql), ReportDatabase(databaseId=33, databaseName=短厅, databaseUrl=sdfsdf, databaseUsername=sdf, databasePassword=123, databaseType=mysql), ReportDatabase(databaseId=31, databaseName=短厅, databaseUrl=sdfsdf, databaseUsername=sdf, databasePassword=123, databaseType=mysql), ReportDatabase(databaseId=34, databaseName=短厅, databaseUrl=sdfsdf, databaseUsername=sdf, databasePassword=123, databaseType=mysql), ReportDatabase(databaseId=35, databaseName=短厅, databaseUrl=sdfsdf, databaseUsername=sdf, databasePassword=123, databaseType=mysql), ReportDatabase(databaseId=36, databaseName=短厅, databaseUrl=sdfsdf, databaseUsername=sdf, databasePassword=123, databaseType=mysql), ReportDatabase(databaseId=37, databaseName=短厅, databaseUrl=sdfsdf, databaseUsername=sdf, databasePassword=123, databaseType=mysql), ReportDatabase(databaseId=38, databaseName=短厅, databaseUrl=sdfsdf, databaseUsername=sdf, databasePassword=123, databaseType=mysql), ReportDatabase(databaseId=39, databaseName=短厅, databaseUrl=sdfsdf, databaseUsername=sdf, databasePassword=123, databaseType=mysql), ReportDatabase(databaseId=40, databaseName=短厅, databaseUrl=sdfsdf, databaseUsername=sdf, databasePassword=123, databaseType=mysql)]
2021-09-22 10:39:19.872 [INFO ] com.hyc.report.controller.ReportDatabaseController - *****正在执行查询数据库配置接口
2021-09-22 10:39:19.873 [INFO ] com.hyc.report.dynamiconfig.config.DynamicDataSource - ---当前数据源：默认数据源---
2021-09-22 10:39:19.931 [INFO ] com.hyc.report.controller.ReportDatabaseController - *****执行结束，结果已输出,数据库配置数据为第1页
2021-09-22 10:39:19.932 [INFO ] com.hyc.report.controller.ReportDatabaseController - *****当前页数据为：Page{count=true, pageNum=1, pageSize=10, startRow=0, endRow=10, total=43, pages=5, reasonable=true, pageSizeZero=false}[ReportDatabase(databaseId=32, databaseName=短厅, databaseUrl=sdfsdf, databaseUsername=sdf, databasePassword=123, databaseType=mysql), ReportDatabase(databaseId=33, databaseName=短厅, databaseUrl=sdfsdf, databaseUsername=sdf, databasePassword=123, databaseType=mysql), ReportDatabase(databaseId=31, databaseName=短厅, databaseUrl=sdfsdf, databaseUsername=sdf, databasePassword=123, databaseType=mysql), ReportDatabase(databaseId=34, databaseName=短厅, databaseUrl=sdfsdf, databaseUsername=sdf, databasePassword=123, databaseType=mysql), ReportDatabase(databaseId=35, databaseName=短厅, databaseUrl=sdfsdf, databaseUsername=sdf, databasePassword=123, databaseType=mysql), ReportDatabase(databaseId=36, databaseName=短厅, databaseUrl=sdfsdf, databaseUsername=sdf, databasePassword=123, databaseType=mysql), ReportDatabase(databaseId=37, databaseName=短厅, databaseUrl=sdfsdf, databaseUsername=sdf, databasePassword=123, databaseType=mysql), ReportDatabase(databaseId=38, databaseName=短厅, databaseUrl=sdfsdf, databaseUsername=sdf, databasePassword=123, databaseType=mysql), ReportDatabase(databaseId=39, databaseName=短厅, databaseUrl=sdfsdf, databaseUsername=sdf, databasePassword=123, databaseType=mysql), ReportDatabase(databaseId=40, databaseName=短厅, databaseUrl=sdfsdf, databaseUsername=sdf, databasePassword=123, databaseType=mysql)]
2021-09-22 10:43:48.841 [INFO ] com.hyc.report.controller.ReportDatabaseController - *****正在执行查询数据库配置接口
2021-09-22 10:43:48.842 [INFO ] com.hyc.report.dynamiconfig.config.DynamicDataSource - ---当前数据源：默认数据源---
2021-09-22 10:43:48.885 [INFO ] com.hyc.report.controller.ReportDatabaseController - *****执行结束，结果已输出,数据库配置数据为第1页
2021-09-22 10:43:48.885 [INFO ] com.hyc.report.controller.ReportDatabaseController - *****当前页数据为：Page{count=true, pageNum=1, pageSize=10, startRow=0, endRow=10, total=43, pages=5, reasonable=true, pageSizeZero=false}[ReportDatabase(databaseId=32, databaseName=短厅, databaseUrl=sdfsdf, databaseUsername=sdf, databasePassword=123, databaseType=mysql), ReportDatabase(databaseId=33, databaseName=短厅, databaseUrl=sdfsdf, databaseUsername=sdf, databasePassword=123, databaseType=mysql), ReportDatabase(databaseId=31, databaseName=短厅, databaseUrl=sdfsdf, databaseUsername=sdf, databasePassword=123, databaseType=mysql), ReportDatabase(databaseId=34, databaseName=短厅, databaseUrl=sdfsdf, databaseUsername=sdf, databasePassword=123, databaseType=mysql), ReportDatabase(databaseId=35, databaseName=短厅, databaseUrl=sdfsdf, databaseUsername=sdf, databasePassword=123, databaseType=mysql), ReportDatabase(databaseId=36, databaseName=短厅, databaseUrl=sdfsdf, databaseUsername=sdf, databasePassword=123, databaseType=mysql), ReportDatabase(databaseId=37, databaseName=短厅, databaseUrl=sdfsdf, databaseUsername=sdf, databasePassword=123, databaseType=mysql), ReportDatabase(databaseId=38, databaseName=短厅, databaseUrl=sdfsdf, databaseUsername=sdf, databasePassword=123, databaseType=mysql), ReportDatabase(databaseId=39, databaseName=短厅, databaseUrl=sdfsdf, databaseUsername=sdf, databasePassword=123, databaseType=mysql), ReportDatabase(databaseId=40, databaseName=短厅, databaseUrl=sdfsdf, databaseUsername=sdf, databasePassword=123, databaseType=mysql)]
2021-09-22 10:45:28.503 [INFO ] com.hyc.report.controller.ReportDatabaseController - *****正在执行查询数据库配置接口
2021-09-22 10:45:28.505 [INFO ] com.hyc.report.dynamiconfig.config.DynamicDataSource - ---当前数据源：默认数据源---
2021-09-22 10:45:28.553 [INFO ] com.hyc.report.controller.ReportDatabaseController - *****执行结束，结果已输出,数据库配置数据为第1页
2021-09-22 10:45:28.554 [INFO ] com.hyc.report.controller.ReportDatabaseController - *****当前页数据为：Page{count=true, pageNum=1, pageSize=10, startRow=0, endRow=10, total=43, pages=5, reasonable=true, pageSizeZero=false}[ReportDatabase(databaseId=32, databaseName=短厅, databaseUrl=sdfsdf, databaseUsername=sdf, databasePassword=123, databaseType=mysql), ReportDatabase(databaseId=33, databaseName=短厅, databaseUrl=sdfsdf, databaseUsername=sdf, databasePassword=123, databaseType=mysql), ReportDatabase(databaseId=31, databaseName=短厅, databaseUrl=sdfsdf, databaseUsername=sdf, databasePassword=123, databaseType=mysql), ReportDatabase(databaseId=34, databaseName=短厅, databaseUrl=sdfsdf, databaseUsername=sdf, databasePassword=123, databaseType=mysql), ReportDatabase(databaseId=35, databaseName=短厅, databaseUrl=sdfsdf, databaseUsername=sdf, databasePassword=123, databaseType=mysql), ReportDatabase(databaseId=36, databaseName=短厅, databaseUrl=sdfsdf, databaseUsername=sdf, databasePassword=123, databaseType=mysql), ReportDatabase(databaseId=37, databaseName=短厅, databaseUrl=sdfsdf, databaseUsername=sdf, databasePassword=123, databaseType=mysql), ReportDatabase(databaseId=38, databaseName=短厅, databaseUrl=sdfsdf, databaseUsername=sdf, databasePassword=123, databaseType=mysql), ReportDatabase(databaseId=39, databaseName=短厅, databaseUrl=sdfsdf, databaseUsername=sdf, databasePassword=123, databaseType=mysql), ReportDatabase(databaseId=40, databaseName=短厅, databaseUrl=sdfsdf, databaseUsername=sdf, databasePassword=123, databaseType=mysql)]
2021-09-22 11:31:16.028 [INFO ] com.alibaba.druid.pool.DruidDataSource - {dataSource-1} closed
