2021-09-22 10:34:56.400 [DEBUG] com.hyc.report.mapper.ReportDatabaseMapper.getDataBaseByName_COUNT - ==>  Preparing: SELECT count(0) FROM REPORT_DATABASE
2021-09-22 10:34:56.617 [DEBUG] com.hyc.report.mapper.ReportDatabaseMapper.getDataBaseByName_COUNT - ==> Parameters: 
2021-09-22 10:34:56.651 [DEBUG] com.hyc.report.mapper.ReportDatabaseMapper.getDataBaseByName_COUNT - <==      Total: 1
2021-09-22 10:34:56.655 [DEBUG] com.hyc.report.mapper.ReportDatabaseMapper.getDataBaseByName - ==>  Preparing: SELECT * FROM ( SELECT TMP_PAGE.*, ROWNUM PAGEHELPER_ROW_ID FROM ( select * from REPORT_DATABASE ) TMP_PAGE) WHERE PAGEHELPER_ROW_ID <= ? AND PAGEHELPER_ROW_ID > ?
2021-09-22 10:34:56.679 [DEBUG] com.hyc.report.mapper.ReportDatabaseMapper.getDataBaseByName - ==> Parameters: 10(Long), 0(Long)
2021-09-22 10:34:56.736 [DEBUG] com.hyc.report.mapper.ReportDatabaseMapper.getDataBaseByName - <==      Total: 10
2021-09-22 10:35:12.259 [DEBUG] com.hyc.report.mapper.ReportDatabaseMapper.getDataBaseByName_COUNT - ==>  Preparing: SELECT count(0) FROM REPORT_DATABASE
2021-09-22 10:35:12.260 [DEBUG] com.hyc.report.mapper.ReportDatabaseMapper.getDataBaseByName_COUNT - ==> Parameters: 
2021-09-22 10:35:12.269 [DEBUG] com.hyc.report.mapper.ReportDatabaseMapper.getDataBaseByName_COUNT - <==      Total: 1
2021-09-22 10:35:12.270 [DEBUG] com.hyc.report.mapper.ReportDatabaseMapper.getDataBaseByName - ==>  Preparing: SELECT * FROM ( SELECT TMP_PAGE.*, ROWNUM PAGEHELPER_ROW_ID FROM ( select * from REPORT_DATABASE ) TMP_PAGE) WHERE PAGEHELPER_ROW_ID <= ? AND PAGEHELPER_ROW_ID > ?
2021-09-22 10:35:12.270 [DEBUG] com.hyc.report.mapper.ReportDatabaseMapper.getDataBaseByName - ==> Parameters: 10(Long), 0(Long)
2021-09-22 10:35:12.289 [DEBUG] com.hyc.report.mapper.ReportDatabaseMapper.getDataBaseByName - <==      Total: 10
2021-09-22 10:35:17.837 [DEBUG] com.hyc.report.mapper.ReportDatabaseMapper.getDataBaseByName_COUNT - ==>  Preparing: SELECT count(0) FROM REPORT_DATABASE
2021-09-22 10:35:17.838 [DEBUG] com.hyc.report.mapper.ReportDatabaseMapper.getDataBaseByName_COUNT - ==> Parameters: 
2021-09-22 10:35:17.847 [DEBUG] com.hyc.report.mapper.ReportDatabaseMapper.getDataBaseByName_COUNT - <==      Total: 1
2021-09-22 10:35:17.848 [DEBUG] com.hyc.report.mapper.ReportDatabaseMapper.getDataBaseByName - ==>  Preparing: SELECT * FROM ( SELECT TMP_PAGE.*, ROWNUM PAGEHELPER_ROW_ID FROM ( select * from REPORT_DATABASE ) TMP_PAGE) WHERE PAGEHELPER_ROW_ID <= ? AND PAGEHELPER_ROW_ID > ?
2021-09-22 10:35:17.849 [DEBUG] com.hyc.report.mapper.ReportDatabaseMapper.getDataBaseByName - ==> Parameters: 10(Long), 0(Long)
2021-09-22 10:35:17.866 [DEBUG] com.hyc.report.mapper.ReportDatabaseMapper.getDataBaseByName - <==      Total: 10
2021-09-22 10:37:52.780 [DEBUG] com.hyc.report.mapper.ReportDatabaseMapper.getDataBaseByName_COUNT - ==>  Preparing: SELECT count(0) FROM REPORT_DATABASE
2021-09-22 10:37:52.875 [DEBUG] com.hyc.report.mapper.ReportDatabaseMapper.getDataBaseByName_COUNT - ==> Parameters: 
2021-09-22 10:37:52.895 [DEBUG] com.hyc.report.mapper.ReportDatabaseMapper.getDataBaseByName_COUNT - <==      Total: 1
2021-09-22 10:37:52.900 [DEBUG] com.hyc.report.mapper.ReportDatabaseMapper.getDataBaseByName - ==>  Preparing: SELECT * FROM ( SELECT TMP_PAGE.*, ROWNUM PAGEHELPER_ROW_ID FROM ( select * from REPORT_DATABASE ) TMP_PAGE) WHERE PAGEHELPER_ROW_ID <= ? AND PAGEHELPER_ROW_ID > ?
2021-09-22 10:37:52.920 [DEBUG] com.hyc.report.mapper.ReportDatabaseMapper.getDataBaseByName - ==> Parameters: 10(Long), 0(Long)
2021-09-22 10:37:52.943 [DEBUG] com.hyc.report.mapper.ReportDatabaseMapper.getDataBaseByName - <==      Total: 10
2021-09-22 10:38:00.289 [DEBUG] com.hyc.report.mapper.ReportDatabaseMapper.getDataBaseByName_COUNT - ==>  Preparing: SELECT count(0) FROM REPORT_DATABASE
2021-09-22 10:38:00.290 [DEBUG] com.hyc.report.mapper.ReportDatabaseMapper.getDataBaseByName_COUNT - ==> Parameters: 
2021-09-22 10:38:00.299 [DEBUG] com.hyc.report.mapper.ReportDatabaseMapper.getDataBaseByName_COUNT - <==      Total: 1
2021-09-22 10:38:00.299 [DEBUG] com.hyc.report.mapper.ReportDatabaseMapper.getDataBaseByName - ==>  Preparing: SELECT * FROM ( SELECT TMP_PAGE.*, ROWNUM PAGEHELPER_ROW_ID FROM ( select * from REPORT_DATABASE ) TMP_PAGE) WHERE PAGEHELPER_ROW_ID <= ? AND PAGEHELPER_ROW_ID > ?
2021-09-22 10:38:00.300 [DEBUG] com.hyc.report.mapper.ReportDatabaseMapper.getDataBaseByName - ==> Parameters: 10(Long), 0(Long)
2021-09-22 10:38:00.319 [DEBUG] com.hyc.report.mapper.ReportDatabaseMapper.getDataBaseByName - <==      Total: 10
2021-09-22 10:39:19.890 [DEBUG] com.hyc.report.mapper.ReportDatabaseMapper.getDataBaseByName_COUNT - ==>  Preparing: SELECT count(0) FROM REPORT_DATABASE
2021-09-22 10:39:19.891 [DEBUG] com.hyc.report.mapper.ReportDatabaseMapper.getDataBaseByName_COUNT - ==> Parameters: 
2021-09-22 10:39:19.903 [DEBUG] com.hyc.report.mapper.ReportDatabaseMapper.getDataBaseByName_COUNT - <==      Total: 1
2021-09-22 10:39:19.904 [DEBUG] com.hyc.report.mapper.ReportDatabaseMapper.getDataBaseByName - ==>  Preparing: SELECT * FROM ( SELECT TMP_PAGE.*, ROWNUM PAGEHELPER_ROW_ID FROM ( select * from REPORT_DATABASE ) TMP_PAGE) WHERE PAGEHELPER_ROW_ID <= ? AND PAGEHELPER_ROW_ID > ?
2021-09-22 10:39:19.904 [DEBUG] com.hyc.report.mapper.ReportDatabaseMapper.getDataBaseByName - ==> Parameters: 10(Long), 0(Long)
2021-09-22 10:39:19.927 [DEBUG] com.hyc.report.mapper.ReportDatabaseMapper.getDataBaseByName - <==      Total: 10
2021-09-22 10:43:48.852 [DEBUG] com.hyc.report.mapper.ReportDatabaseMapper.getDataBaseByName_COUNT - ==>  Preparing: SELECT count(0) FROM REPORT_DATABASE
2021-09-22 10:43:48.853 [DEBUG] com.hyc.report.mapper.ReportDatabaseMapper.getDataBaseByName_COUNT - ==> Parameters: 
2021-09-22 10:43:48.860 [DEBUG] com.hyc.report.mapper.ReportDatabaseMapper.getDataBaseByName_COUNT - <==      Total: 1
2021-09-22 10:43:48.861 [DEBUG] com.hyc.report.mapper.ReportDatabaseMapper.getDataBaseByName - ==>  Preparing: SELECT * FROM ( SELECT TMP_PAGE.*, ROWNUM PAGEHELPER_ROW_ID FROM ( select * from REPORT_DATABASE ) TMP_PAGE) WHERE PAGEHELPER_ROW_ID <= ? AND PAGEHELPER_ROW_ID > ?
2021-09-22 10:43:48.862 [DEBUG] com.hyc.report.mapper.ReportDatabaseMapper.getDataBaseByName - ==> Parameters: 10(Long), 0(Long)
2021-09-22 10:43:48.884 [DEBUG] com.hyc.report.mapper.ReportDatabaseMapper.getDataBaseByName - <==      Total: 10
2021-09-22 10:45:28.514 [DEBUG] com.hyc.report.mapper.ReportDatabaseMapper.getDataBaseByName_COUNT - ==>  Preparing: SELECT count(0) FROM REPORT_DATABASE
2021-09-22 10:45:28.516 [DEBUG] com.hyc.report.mapper.ReportDatabaseMapper.getDataBaseByName_COUNT - ==> Parameters: 
2021-09-22 10:45:28.526 [DEBUG] com.hyc.report.mapper.ReportDatabaseMapper.getDataBaseByName_COUNT - <==      Total: 1
2021-09-22 10:45:28.527 [DEBUG] com.hyc.report.mapper.ReportDatabaseMapper.getDataBaseByName - ==>  Preparing: SELECT * FROM ( SELECT TMP_PAGE.*, ROWNUM PAGEHELPER_ROW_ID FROM ( select * from REPORT_DATABASE ) TMP_PAGE) WHERE PAGEHELPER_ROW_ID <= ? AND PAGEHELPER_ROW_ID > ?
2021-09-22 10:45:28.528 [DEBUG] com.hyc.report.mapper.ReportDatabaseMapper.getDataBaseByName - ==> Parameters: 10(Long), 0(Long)
2021-09-22 10:45:28.552 [DEBUG] com.hyc.report.mapper.ReportDatabaseMapper.getDataBaseByName - <==      Total: 10
