2021-08-19 14:21:04.307 [INFO ] com.hyc.report.DevopsReportApplication - Starting DevopsReportApplication using Java 1.8.0_201 on DESKTOP-5A95BS0 with PID 19588 (C:\1a\working\DevopsReport\report-web\target\classes started by Administrator in C:\1a\working\DevopsReport)
2021-08-19 14:21:04.319 [INFO ] com.hyc.report.DevopsReportApplication - No active profile set, falling back to default profiles: default
2021-08-19 14:21:09.454 [INFO ] org.springframework.boot.web.embedded.tomcat.TomcatWebServer - Tomcat initialized with port(s): 8080 (http)
2021-08-19 14:21:09.493 [INFO ] org.apache.coyote.http11.Http11NioProtocol - Initializing ProtocolHandler ["http-nio-8080"]
2021-08-19 14:21:09.495 [INFO ] org.apache.catalina.core.StandardService - Starting service [Tomcat]
2021-08-19 14:21:09.495 [INFO ] org.apache.catalina.core.StandardEngine - Starting Servlet engine: [Apache Tomcat/9.0.50]
2021-08-19 14:21:10.134 [INFO ] org.apache.catalina.core.ContainerBase.[Tomcat].[localhost].[/] - Initializing Spring embedded WebApplicationContext
2021-08-19 14:21:10.135 [INFO ] org.springframework.boot.web.servlet.context.ServletWebServerApplicationContext - Root WebApplicationContext: initialization completed in 5603 ms
2021-08-19 14:21:10.357 [INFO ] org.springframework.boot.web.servlet.RegistrationBean - Servlet statViewServlet was not registered (possibly already registered?)
2021-08-19 14:21:10.380 [INFO ] org.springframework.boot.web.servlet.RegistrationBean - Filter webStatFilter was not registered (possibly already registered?)
2021-08-19 14:21:15.611 [INFO ] org.apache.catalina.core.StandardService - Stopping service [Tomcat]
2021-08-19 14:21:15.750 [INFO ] org.springframework.boot.autoconfigure.logging.ConditionEvaluationReportLoggingListener - 

Error starting ApplicationContext. To display the conditions report re-run your application with 'debug' enabled.
2021-08-19 14:23:15.874 [INFO ] com.hyc.report.DevopsReportApplication - Starting DevopsReportApplication using Java 1.8.0_201 on DESKTOP-5A95BS0 with PID 19856 (C:\1a\working\DevopsReport\report-web\target\classes started by Administrator in C:\1a\working\DevopsReport)
2021-08-19 14:23:15.900 [INFO ] com.hyc.report.DevopsReportApplication - No active profile set, falling back to default profiles: default
2021-08-19 14:23:24.879 [INFO ] org.springframework.boot.web.embedded.tomcat.TomcatWebServer - Tomcat initialized with port(s): 8080 (http)
2021-08-19 14:23:24.924 [INFO ] org.apache.coyote.http11.Http11NioProtocol - Initializing ProtocolHandler ["http-nio-8080"]
2021-08-19 14:23:24.926 [INFO ] org.apache.catalina.core.StandardService - Starting service [Tomcat]
2021-08-19 14:23:24.927 [INFO ] org.apache.catalina.core.StandardEngine - Starting Servlet engine: [Apache Tomcat/9.0.50]
2021-08-19 14:23:25.612 [INFO ] org.apache.catalina.core.ContainerBase.[Tomcat].[localhost].[/] - Initializing Spring embedded WebApplicationContext
2021-08-19 14:23:25.613 [INFO ] org.springframework.boot.web.servlet.context.ServletWebServerApplicationContext - Root WebApplicationContext: initialization completed in 9360 ms
2021-08-19 14:23:25.772 [INFO ] org.springframework.boot.web.servlet.RegistrationBean - Servlet statViewServlet was not registered (possibly already registered?)
2021-08-19 14:23:25.792 [INFO ] org.springframework.boot.web.servlet.RegistrationBean - Filter webStatFilter was not registered (possibly already registered?)
2021-08-19 14:23:31.034 [INFO ] org.apache.catalina.core.StandardService - Stopping service [Tomcat]
2021-08-19 14:23:31.185 [INFO ] org.springframework.boot.autoconfigure.logging.ConditionEvaluationReportLoggingListener - 

Error starting ApplicationContext. To display the conditions report re-run your application with 'debug' enabled.
2021-08-19 14:25:07.253 [INFO ] com.hyc.report.DevopsReportApplication - Starting DevopsReportApplication using Java 1.8.0_201 on DESKTOP-5A95BS0 with PID 8960 (C:\1a\working\DevopsReport\report-web\target\classes started by Administrator in C:\1a\working\DevopsReport)
2021-08-19 14:25:07.268 [INFO ] com.hyc.report.DevopsReportApplication - No active profile set, falling back to default profiles: default
2021-08-19 14:25:16.839 [INFO ] org.springframework.boot.web.embedded.tomcat.TomcatWebServer - Tomcat initialized with port(s): 8080 (http)
2021-08-19 14:25:16.907 [INFO ] org.apache.coyote.http11.Http11NioProtocol - Initializing ProtocolHandler ["http-nio-8080"]
2021-08-19 14:25:16.912 [INFO ] org.apache.catalina.core.StandardService - Starting service [Tomcat]
2021-08-19 14:25:16.913 [INFO ] org.apache.catalina.core.StandardEngine - Starting Servlet engine: [Apache Tomcat/9.0.50]
2021-08-19 14:25:18.094 [INFO ] org.apache.catalina.core.ContainerBase.[Tomcat].[localhost].[/] - Initializing Spring embedded WebApplicationContext
2021-08-19 14:25:18.098 [INFO ] org.springframework.boot.web.servlet.context.ServletWebServerApplicationContext - Root WebApplicationContext: initialization completed in 10524 ms
2021-08-19 14:25:18.277 [INFO ] org.springframework.boot.web.servlet.RegistrationBean - Servlet statViewServlet was not registered (possibly already registered?)
2021-08-19 14:25:18.303 [INFO ] org.springframework.boot.web.servlet.RegistrationBean - Filter webStatFilter was not registered (possibly already registered?)
2021-08-19 14:25:25.512 [INFO ] springfox.documentation.spring.web.PropertySourcedRequestMappingHandlerMapping - Mapped URL path [/v2/api-docs] onto method [springfox.documentation.swagger2.web.Swagger2Controller#getDocumentation(String, HttpServletRequest)]
2021-08-19 14:25:26.827 [INFO ] org.apache.coyote.http11.Http11NioProtocol - Starting ProtocolHandler ["http-nio-8080"]
2021-08-19 14:25:26.890 [INFO ] org.springframework.boot.web.embedded.tomcat.TomcatWebServer - Tomcat started on port(s): 8080 (http) with context path ''
2021-08-19 14:25:26.895 [INFO ] springfox.documentation.spring.web.plugins.DocumentationPluginsBootstrapper - Context refreshed
2021-08-19 14:25:26.988 [INFO ] springfox.documentation.spring.web.plugins.DocumentationPluginsBootstrapper - Found 1 custom documentation plugin(s)
2021-08-19 14:25:27.164 [INFO ] springfox.documentation.spring.web.scanners.ApiListingReferenceScanner - Scanning for api listing references
2021-08-19 14:25:27.242 [INFO ] com.hyc.report.DevopsReportApplication - Started DevopsReportApplication in 24.044 seconds (JVM running for 31.962)
2021-08-19 14:28:37.919 [INFO ] com.hyc.report.DevopsReportApplication - Starting DevopsReportApplication using Java 1.8.0_201 on DESKTOP-5A95BS0 with PID 11900 (C:\1a\working\DevopsReport\report-web\target\classes started by Administrator in C:\1a\working\DevopsReport)
2021-08-19 14:28:37.937 [INFO ] com.hyc.report.DevopsReportApplication - No active profile set, falling back to default profiles: default
2021-08-19 14:28:44.620 [INFO ] org.springframework.boot.web.embedded.tomcat.TomcatWebServer - Tomcat initialized with port(s): 8080 (http)
2021-08-19 14:28:44.659 [INFO ] org.apache.coyote.http11.Http11NioProtocol - Initializing ProtocolHandler ["http-nio-8080"]
2021-08-19 14:28:44.661 [INFO ] org.apache.catalina.core.StandardService - Starting service [Tomcat]
2021-08-19 14:28:44.662 [INFO ] org.apache.catalina.core.StandardEngine - Starting Servlet engine: [Apache Tomcat/9.0.50]
2021-08-19 14:28:45.421 [INFO ] org.apache.catalina.core.ContainerBase.[Tomcat].[localhost].[/] - Initializing Spring embedded WebApplicationContext
2021-08-19 14:28:45.422 [INFO ] org.springframework.boot.web.servlet.context.ServletWebServerApplicationContext - Root WebApplicationContext: initialization completed in 7211 ms
2021-08-19 14:28:45.605 [INFO ] org.springframework.boot.web.servlet.RegistrationBean - Servlet statViewServlet was not registered (possibly already registered?)
2021-08-19 14:28:45.651 [INFO ] org.springframework.boot.web.servlet.RegistrationBean - Filter webStatFilter was not registered (possibly already registered?)
2021-08-19 14:28:50.992 [INFO ] org.apache.catalina.core.StandardService - Stopping service [Tomcat]
2021-08-19 14:28:51.113 [INFO ] org.springframework.boot.autoconfigure.logging.ConditionEvaluationReportLoggingListener - 

Error starting ApplicationContext. To display the conditions report re-run your application with 'debug' enabled.
2021-08-19 15:47:07.961 [INFO ] com.hyc.report.DevopsReportApplication - Starting DevopsReportApplication using Java 1.8.0_201 on DESKTOP-5A95BS0 with PID 13860 (C:\1a\working\DevopsReport\report-web\target\classes started by Administrator in C:\1a\working\DevopsReport)
2021-08-19 15:47:07.975 [INFO ] com.hyc.report.DevopsReportApplication - No active profile set, falling back to default profiles: default
2021-08-19 15:47:15.064 [INFO ] org.springframework.boot.web.embedded.tomcat.TomcatWebServer - Tomcat initialized with port(s): 8080 (http)
2021-08-19 15:47:15.107 [INFO ] org.apache.coyote.http11.Http11NioProtocol - Initializing ProtocolHandler ["http-nio-8080"]
2021-08-19 15:47:15.110 [INFO ] org.apache.catalina.core.StandardService - Starting service [Tomcat]
2021-08-19 15:47:15.111 [INFO ] org.apache.catalina.core.StandardEngine - Starting Servlet engine: [Apache Tomcat/9.0.50]
2021-08-19 15:47:15.872 [INFO ] org.apache.catalina.core.ContainerBase.[Tomcat].[localhost].[/] - Initializing Spring embedded WebApplicationContext
2021-08-19 15:47:15.872 [INFO ] org.springframework.boot.web.servlet.context.ServletWebServerApplicationContext - Root WebApplicationContext: initialization completed in 7682 ms
2021-08-19 15:47:16.044 [INFO ] org.springframework.boot.web.servlet.RegistrationBean - Servlet statViewServlet was not registered (possibly already registered?)
2021-08-19 15:47:16.068 [INFO ] org.springframework.boot.web.servlet.RegistrationBean - Filter webStatFilter was not registered (possibly already registered?)
2021-08-19 15:47:22.489 [INFO ] springfox.documentation.spring.web.PropertySourcedRequestMappingHandlerMapping - Mapped URL path [/v2/api-docs] onto method [springfox.documentation.swagger2.web.Swagger2Controller#getDocumentation(String, HttpServletRequest)]
2021-08-19 15:47:23.579 [INFO ] org.apache.coyote.http11.Http11NioProtocol - Starting ProtocolHandler ["http-nio-8080"]
2021-08-19 15:47:23.627 [INFO ] org.springframework.boot.web.embedded.tomcat.TomcatWebServer - Tomcat started on port(s): 8080 (http) with context path ''
2021-08-19 15:47:23.631 [INFO ] springfox.documentation.spring.web.plugins.DocumentationPluginsBootstrapper - Context refreshed
2021-08-19 15:47:23.711 [INFO ] springfox.documentation.spring.web.plugins.DocumentationPluginsBootstrapper - Found 1 custom documentation plugin(s)
2021-08-19 15:47:23.839 [INFO ] springfox.documentation.spring.web.scanners.ApiListingReferenceScanner - Scanning for api listing references
2021-08-19 15:47:23.904 [INFO ] com.hyc.report.DevopsReportApplication - Started DevopsReportApplication in 19.629 seconds (JVM running for 26.144)
