2021-08-19 14:21:15.889 [main] ERROR o.s.b.diagnostics.LoggingFailureAnalysisReporter - 

***************************
APPLICATION FAILED TO START
***************************

Description:

An attempt was made to call a method that does not exist. The attempt was made from the following location:

    com.baomidou.mybatisplus.core.MybatisMapperAnnotationBuilder$AnnotationWrapper.<init>(MybatisMapperAnnotationBuilder.java:677)

The following method did not exist:

    org.apache.ibatis.annotations.Select.databaseId()Ljava/lang/String;

The method's class, org.apache.ibatis.annotations.Select, is available from the following locations:

    jar:file:/C:/Users/Administrator/.m2/repository/org/mybatis/mybatis/3.5.3/mybatis-3.5.3.jar!/org/apache/ibatis/annotations/Select.class

The class hierarchy was loaded from the following locations:

    org.apache.ibatis.annotations.Select: file:/C:/Users/Administrator/.m2/repository/org/mybatis/mybatis/3.5.3/mybatis-3.5.3.jar


Action:

Correct the classpath of your application so that it contains a single, compatible version of org.apache.ibatis.annotations.Select

2021-08-19 14:23:31.291 [main] ERROR o.s.b.diagnostics.LoggingFailureAnalysisReporter - 

***************************
APPLICATION FAILED TO START
***************************

Description:

An attempt was made to call a method that does not exist. The attempt was made from the following location:

    com.baomidou.mybatisplus.core.MybatisMapperAnnotationBuilder$AnnotationWrapper.<init>(MybatisMapperAnnotationBuilder.java:677)

The following method did not exist:

    org.apache.ibatis.annotations.Select.databaseId()Ljava/lang/String;

The method's class, org.apache.ibatis.annotations.Select, is available from the following locations:

    jar:file:/C:/Users/Administrator/.m2/repository/org/mybatis/mybatis/3.5.3/mybatis-3.5.3.jar!/org/apache/ibatis/annotations/Select.class

The class hierarchy was loaded from the following locations:

    org.apache.ibatis.annotations.Select: file:/C:/Users/Administrator/.m2/repository/org/mybatis/mybatis/3.5.3/mybatis-3.5.3.jar


Action:

Correct the classpath of your application so that it contains a single, compatible version of org.apache.ibatis.annotations.Select

2021-08-19 14:28:51.210 [main] ERROR o.s.b.diagnostics.LoggingFailureAnalysisReporter - 

***************************
APPLICATION FAILED TO START
***************************

Description:

An attempt was made to call a method that does not exist. The attempt was made from the following location:

    com.baomidou.mybatisplus.core.MybatisMapperAnnotationBuilder$AnnotationWrapper.<init>(MybatisMapperAnnotationBuilder.java:677)

The following method did not exist:

    org.apache.ibatis.annotations.Select.databaseId()Ljava/lang/String;

The method's class, org.apache.ibatis.annotations.Select, is available from the following locations:

    jar:file:/C:/Users/Administrator/.m2/repository/org/mybatis/mybatis/3.5.3/mybatis-3.5.3.jar!/org/apache/ibatis/annotations/Select.class

The class hierarchy was loaded from the following locations:

    org.apache.ibatis.annotations.Select: file:/C:/Users/Administrator/.m2/repository/org/mybatis/mybatis/3.5.3/mybatis-3.5.3.jar


Action:

Correct the classpath of your application so that it contains a single, compatible version of org.apache.ibatis.annotations.Select

